Release 14.7 - xst P.20131013 (nt64)
Copyright (c) 1995-2013 Xilinx, Inc.  All rights reserved.
--> Parameter TMPDIR set to xst/projnav.tmp


Total REAL time to Xst completion: 0.00 secs
Total CPU time to Xst completion: 0.13 secs
 
--> Parameter xsthdpdir set to xst


Total REAL time to Xst completion: 0.00 secs
Total CPU time to Xst completion: 0.13 secs
 
--> Reading design: FOURBIT.prj

TABLE OF CONTENTS
  1) Synthesis Options Summary
  2) HDL Compilation
  3) Design Hierarchy Analysis
  4) HDL Analysis
  5) HDL Synthesis
     5.1) HDL Synthesis Report
  6) Advanced HDL Synthesis
     6.1) Advanced HDL Synthesis Report
  7) Low Level Synthesis
  8) Partition Report
  9) Final Report

=========================================================================
*                      Synthesis Options Summary                        *
=========================================================================
---- Source Parameters
Input File Name                    : "FOURBIT.prj"
Input Format                       : mixed
Ignore Synthesis Constraint File   : NO

---- Target Parameters
Output File Name                   : "FOURBIT"
Output Format                      : NGC
Target Device                      : XC9500XL CPLDs

---- Source Options
Top Module Name                    : FOURBIT
Automatic FSM Extraction           : YES
FSM Encoding Algorithm             : Auto
Safe Implementation                : No
Mux Extraction                     : Yes
Resource Sharing                   : YES

---- Target Options
Add IO Buffers                     : YES
MACRO Preserve                     : YES
XOR Preserve                       : YES
Equivalent register Removal        : YES

---- General Options
Optimization Goal                  : Area
Optimization Effort                : 2
Keep Hierarchy                     : Soft
Netlist Hierarchy                  : As_Optimized
RTL Output                         : Yes
Hierarchy Separator                : /
Bus Delimiter                      : <>
Case Specifier                     : Maintain
Verilog 2001                       : YES

---- Other Options
Clock Enable                       : YES
wysiwyg                            : NO

=========================================================================


=========================================================================
*                          HDL Compilation                              *
=========================================================================
Compiling vhdl file "C:/Users/kodera2t/Documents/CPLD_training/FOURBIT/FOURBIT.vhf" in Library work.
Architecture behavioral of Entity and6_mxilinx_fourbit is up to date.
Architecture behavioral of Entity fdc_mxilinx_fourbit is up to date.
Architecture behavioral of Entity x74_161_mxilinx_fourbit is up to date.
Architecture behavioral of Entity m2_1_mxilinx_fourbit is up to date.
Architecture behavioral of Entity m2_1e_mxilinx_fourbit is up to date.
Architecture behavioral of Entity x74_153_mxilinx_fourbit is up to date.
Architecture behavioral of Entity add4_mxilinx_fourbit is up to date.
Architecture behavioral of Entity x74_283_mxilinx_fourbit is up to date.
Architecture behavioral of Entity fourbit is up to date.

=========================================================================
*                     Design Hierarchy Analysis                         *
=========================================================================
Analyzing hierarchy for entity <FOURBIT> in library <work> (architecture <behavioral>).

Analyzing hierarchy for entity <X74_283_MXILINX_FOURBIT> in library <work> (architecture <behavioral>).

Analyzing hierarchy for entity <X74_153_MXILINX_FOURBIT> in library <work> (architecture <behavioral>).

Analyzing hierarchy for entity <FDC_MXILINX_FOURBIT> in library <work> (architecture <behavioral>) with generics.
	INIT = '0'

Analyzing hierarchy for entity <X74_161_MXILINX_FOURBIT> in library <work> (architecture <behavioral>).

Analyzing hierarchy for entity <ADD4_MXILINX_FOURBIT> in library <work> (architecture <behavioral>).

Analyzing hierarchy for entity <M2_1_MXILINX_FOURBIT> in library <work> (architecture <behavioral>).

Analyzing hierarchy for entity <M2_1E_MXILINX_FOURBIT> in library <work> (architecture <behavioral>).

Analyzing hierarchy for entity <AND6_MXILINX_FOURBIT> in library <work> (architecture <behavioral>).

Analyzing hierarchy for entity <FDC_MXILINX_FOURBIT> in library <work> (architecture <behavioral>) with generics.
	INIT = '0'

Analyzing hierarchy for entity <FDC_MXILINX_FOURBIT> in library <work> (architecture <behavioral>) with generics.
	INIT = '0'

Analyzing hierarchy for entity <FDC_MXILINX_FOURBIT> in library <work> (architecture <behavioral>) with generics.
	INIT = '0'

Analyzing hierarchy for entity <FDC_MXILINX_FOURBIT> in library <work> (architecture <behavioral>) with generics.
	INIT = '0'


=========================================================================
*                            HDL Analysis                               *
=========================================================================
Analyzing Entity <FOURBIT> in library <work> (Architecture <behavioral>).
    Set user-defined property "HU_SET =  XLXI_1_12" for instance <XLXI_1> in unit <FOURBIT>.
    Set user-defined property "HU_SET =  XLXI_7_13" for instance <XLXI_7> in unit <FOURBIT>.
    Set user-defined property "HU_SET =  XLXI_8_14" for instance <XLXI_8> in unit <FOURBIT>.
    Set user-defined property "HU_SET =  XLXI_29_15" for instance <XLXI_29> in unit <FOURBIT>.
WARNING:Xst:753 - "C:/Users/kodera2t/Documents/CPLD_training/FOURBIT/FOURBIT.vhf" line 1359: Unconnected output port 'RCO' of component 'X74_161_MXILINX_FOURBIT'.
    Set user-defined property "HU_SET =  XLXI_46_16" for instance <XLXI_46> in unit <FOURBIT>.
WARNING:Xst:753 - "C:/Users/kodera2t/Documents/CPLD_training/FOURBIT/FOURBIT.vhf" line 1375: Unconnected output port 'RCO' of component 'X74_161_MXILINX_FOURBIT'.
    Set user-defined property "HU_SET =  XLXI_47_17" for instance <XLXI_47> in unit <FOURBIT>.
WARNING:Xst:753 - "C:/Users/kodera2t/Documents/CPLD_training/FOURBIT/FOURBIT.vhf" line 1391: Unconnected output port 'RCO' of component 'X74_161_MXILINX_FOURBIT'.
    Set user-defined property "HU_SET =  XLXI_48_18" for instance <XLXI_48> in unit <FOURBIT>.
WARNING:Xst:753 - "C:/Users/kodera2t/Documents/CPLD_training/FOURBIT/FOURBIT.vhf" line 1407: Unconnected output port 'RCO' of component 'X74_161_MXILINX_FOURBIT'.
    Set user-defined property "HU_SET =  XLXI_49_19" for instance <XLXI_49> in unit <FOURBIT>.
Entity <FOURBIT> analyzed. Unit <FOURBIT> generated.

Analyzing Entity <X74_283_MXILINX_FOURBIT> in library <work> (Architecture <behavioral>).
WARNING:Xst:753 - "C:/Users/kodera2t/Documents/CPLD_training/FOURBIT/FOURBIT.vhf" line 1048: Unconnected output port 'OFL' of component 'ADD4_MXILINX_FOURBIT'.
    Set user-defined property "HU_SET =  XLXI_1_11" for instance <XLXI_1> in unit <X74_283_MXILINX_FOURBIT>.
Entity <X74_283_MXILINX_FOURBIT> analyzed. Unit <X74_283_MXILINX_FOURBIT> generated.

Analyzing Entity <ADD4_MXILINX_FOURBIT> in library <work> (Architecture <behavioral>).
Entity <ADD4_MXILINX_FOURBIT> analyzed. Unit <ADD4_MXILINX_FOURBIT> generated.

Analyzing Entity <X74_153_MXILINX_FOURBIT> in library <work> (Architecture <behavioral>).
    Set user-defined property "HU_SET =  U0_10" for instance <U0> in unit <X74_153_MXILINX_FOURBIT>.
    Set user-defined property "HU_SET =  U1_9" for instance <U1> in unit <X74_153_MXILINX_FOURBIT>.
    Set user-defined property "HU_SET =  U2_7" for instance <U2> in unit <X74_153_MXILINX_FOURBIT>.
    Set user-defined property "HU_SET =  U3_8" for instance <U3> in unit <X74_153_MXILINX_FOURBIT>.
    Set user-defined property "HU_SET =  U4_5" for instance <U4> in unit <X74_153_MXILINX_FOURBIT>.
    Set user-defined property "HU_SET =  U5_6" for instance <U5> in unit <X74_153_MXILINX_FOURBIT>.
Entity <X74_153_MXILINX_FOURBIT> analyzed. Unit <X74_153_MXILINX_FOURBIT> generated.

Analyzing Entity <M2_1_MXILINX_FOURBIT> in library <work> (Architecture <behavioral>).
Entity <M2_1_MXILINX_FOURBIT> analyzed. Unit <M2_1_MXILINX_FOURBIT> generated.

Analyzing Entity <M2_1E_MXILINX_FOURBIT> in library <work> (Architecture <behavioral>).
Entity <M2_1E_MXILINX_FOURBIT> analyzed. Unit <M2_1E_MXILINX_FOURBIT> generated.

Analyzing generic Entity <FDC_MXILINX_FOURBIT> in library <work> (Architecture <behavioral>).
	INIT = '0'
    Set user-defined property "INIT =  0" for instance <U0> in unit <FDC_MXILINX_FOURBIT>.
Entity <FDC_MXILINX_FOURBIT> analyzed. Unit <FDC_MXILINX_FOURBIT> generated.

Analyzing Entity <X74_161_MXILINX_FOURBIT> in library <work> (Architecture <behavioral>).
    Set user-defined property "HU_SET =  I_36_367_4" for instance <I_36_367> in unit <X74_161_MXILINX_FOURBIT>.
    Set user-defined property "HU_SET =  U0_3" for instance <U0> in unit <X74_161_MXILINX_FOURBIT>.
    Set user-defined property "HU_SET =  U1_2" for instance <U1> in unit <X74_161_MXILINX_FOURBIT>.
    Set user-defined property "HU_SET =  U2_1" for instance <U2> in unit <X74_161_MXILINX_FOURBIT>.
    Set user-defined property "HU_SET =  U3_0" for instance <U3> in unit <X74_161_MXILINX_FOURBIT>.
Entity <X74_161_MXILINX_FOURBIT> analyzed. Unit <X74_161_MXILINX_FOURBIT> generated.

Analyzing Entity <AND6_MXILINX_FOURBIT> in library <work> (Architecture <behavioral>).
Entity <AND6_MXILINX_FOURBIT> analyzed. Unit <AND6_MXILINX_FOURBIT> generated.


=========================================================================
*                           HDL Synthesis                               *
=========================================================================

Performing bidirectional port resolution...

Synthesizing Unit <FDC_MXILINX_FOURBIT>.
    Related source file is "C:/Users/kodera2t/Documents/CPLD_training/FOURBIT/FOURBIT.vhf".
Unit <FDC_MXILINX_FOURBIT> synthesized.


Synthesizing Unit <ADD4_MXILINX_FOURBIT>.
    Related source file is "C:/Users/kodera2t/Documents/CPLD_training/FOURBIT/FOURBIT.vhf".
Unit <ADD4_MXILINX_FOURBIT> synthesized.


Synthesizing Unit <M2_1_MXILINX_FOURBIT>.
    Related source file is "C:/Users/kodera2t/Documents/CPLD_training/FOURBIT/FOURBIT.vhf".
Unit <M2_1_MXILINX_FOURBIT> synthesized.


Synthesizing Unit <M2_1E_MXILINX_FOURBIT>.
    Related source file is "C:/Users/kodera2t/Documents/CPLD_training/FOURBIT/FOURBIT.vhf".
Unit <M2_1E_MXILINX_FOURBIT> synthesized.


Synthesizing Unit <AND6_MXILINX_FOURBIT>.
    Related source file is "C:/Users/kodera2t/Documents/CPLD_training/FOURBIT/FOURBIT.vhf".
Unit <AND6_MXILINX_FOURBIT> synthesized.


Synthesizing Unit <X74_283_MXILINX_FOURBIT>.
    Related source file is "C:/Users/kodera2t/Documents/CPLD_training/FOURBIT/FOURBIT.vhf".
Unit <X74_283_MXILINX_FOURBIT> synthesized.


Synthesizing Unit <X74_153_MXILINX_FOURBIT>.
    Related source file is "C:/Users/kodera2t/Documents/CPLD_training/FOURBIT/FOURBIT.vhf".
Unit <X74_153_MXILINX_FOURBIT> synthesized.


Synthesizing Unit <X74_161_MXILINX_FOURBIT>.
    Related source file is "C:/Users/kodera2t/Documents/CPLD_training/FOURBIT/FOURBIT.vhf".
Unit <X74_161_MXILINX_FOURBIT> synthesized.


Synthesizing Unit <FOURBIT>.
    Related source file is "C:/Users/kodera2t/Documents/CPLD_training/FOURBIT/FOURBIT.vhf".
WARNING:Xst:653 - Signal <XLXN_142> is used but never assigned. This sourceless signal will be automatically connected to value 0.
Unit <FOURBIT> synthesized.


=========================================================================
HDL Synthesis Report

Found no macro
=========================================================================

=========================================================================
*                       Advanced HDL Synthesis                          *
=========================================================================


=========================================================================
Advanced HDL Synthesis Report

Macro Statistics
# Registers                                            : 17
 Flip-Flops                                            : 17

=========================================================================

=========================================================================
*                         Low Level Synthesis                           *
=========================================================================

Optimizing unit <FOURBIT> ...

Optimizing unit <FDC_MXILINX_FOURBIT> ...
  implementation constraint: INIT=0	 : U0

Optimizing unit <ADD4_MXILINX_FOURBIT> ...

Optimizing unit <M2_1_MXILINX_FOURBIT> ...

Optimizing unit <M2_1E_MXILINX_FOURBIT> ...

Optimizing unit <AND6_MXILINX_FOURBIT> ...

Optimizing unit <X74_283_MXILINX_FOURBIT> ...

Optimizing unit <X74_153_MXILINX_FOURBIT> ...

Optimizing unit <X74_161_MXILINX_FOURBIT> ...

=========================================================================
*                           Partition Report                            *
=========================================================================

Partition Implementation Status
-------------------------------

  No Partitions were found in this design.

-------------------------------

=========================================================================
*                            Final Report                               *
=========================================================================
Final Results
RTL Top Level Output File Name     : FOURBIT.ngr
Top Level Output File Name         : FOURBIT
Output Format                      : NGC
Optimization Goal                  : Area
Keep Hierarchy                     : Soft
Target Technology                  : XC9500XL CPLDs
Macro Preserve                     : YES
XOR Preserve                       : YES
Clock Enable                       : YES
wysiwyg                            : NO

Design Statistics
# IOs                              : 20

Cell Usage :
# BELS                             : 177
#      AND2                        : 45
#      AND3                        : 16
#      AND4                        : 11
#      AND5                        : 10
#      GND                         : 19
#      INV                         : 13
#      OR2                         : 31
#      OR3                         : 1
#      OR4                         : 1
#      OR5                         : 1
#      VCC                         : 5
#      XOR2                        : 24
# FlipFlops/Latches                : 17
#      FDCP                        : 17
# IO Buffers                       : 20
#      IBUF                        : 10
#      OBUF                        : 10
# Others                           : 32
#      AND2B1                      : 24
#      AND3B1                      : 5
#      AND3B2                      : 1
#      NAND2                       : 1
#      NAND3                       : 1
=========================================================================


Total REAL time to Xst completion: 4.00 secs
Total CPU time to Xst completion: 4.47 secs
 
--> 

Total memory usage is 307260 kilobytes

Number of errors   :    0 (   0 filtered)
Number of warnings :    6 (   0 filtered)
Number of infos    :    0 (   0 filtered)

